<?xml version="1.0" encoding="UTF-8"?>
<!-- Generated by org.testng.reporters.JUnitXMLReporter -->
<testsuite ignored="0" hostname="Mihails-MacBook-Pro.local" failures="0" tests="3" name="Command line test" time="26.349" errors="0" timestamp="2023-03-29T18:14:48 CDT">
  <testcase classname="scripts.api_demos_apk_app.Base" name="@BeforeMethod setDriver" time="26.327">
    <failure type="org.openqa.selenium.SessionNotCreatedException" message="Unable to create a new remote session. Original error: Failed to connect to /127.0.0.1:4723
Build info: version: &amp;apos;3.141.59&amp;apos;, revision: &amp;apos;e82be7d358&amp;apos;, time: &amp;apos;2018-11-14T08:17:03&amp;apos;
System info: host: &amp;apos;Mihails-MacBook-Pro.local&amp;apos;, ip: &amp;apos;fe80:0:0:0:cf1:fe15:266b:1e9d%en0&amp;apos;, os.name: &amp;apos;Mac OS X&amp;apos;, os.arch: &amp;apos;aarch64&amp;apos;, os.version: &amp;apos;13.2.1&amp;apos;, java.version: &amp;apos;11.0.18&amp;apos;
Driver info: driver.version: Driver">
      <![CDATA[org.openqa.selenium.SessionNotCreatedException: Unable to create a new remote session. Original error: Failed to connect to /127.0.0.1:4723
Build info: version: '3.141.59', revision: 'e82be7d358', time: '2018-11-14T08:17:03'
System info: host: 'Mihails-MacBook-Pro.local', ip: 'fe80:0:0:0:cf1:fe15:266b:1e9d%en0', os.name: 'Mac OS X', os.arch: 'aarch64', os.version: '13.2.1', java.version: '11.0.18'
Driver info: driver.version: Driver
at io.appium.java_client.remote.AppiumCommandExecutor$1.createSession(AppiumCommandExecutor.java:208)
at io.appium.java_client.remote.AppiumCommandExecutor.createSession(AppiumCommandExecutor.java:217)
at io.appium.java_client.remote.AppiumCommandExecutor.execute(AppiumCommandExecutor.java:239)
at org.openqa.selenium.remote.RemoteWebDriver.execute(RemoteWebDriver.java:552)
at io.appium.java_client.DefaultGenericMobileDriver.execute(DefaultGenericMobileDriver.java:41)
at io.appium.java_client.AppiumDriver.execute(AppiumDriver.java:1)
at io.appium.java_client.android.AndroidDriver.execute(AndroidDriver.java:1)
at org.openqa.selenium.remote.RemoteWebDriver.startSession(RemoteWebDriver.java:213)
at io.appium.java_client.AppiumDriver.startSession(AppiumDriver.java:336)
at org.openqa.selenium.remote.RemoteWebDriver.<init>(RemoteWebDriver.java:131)
at io.appium.java_client.DefaultGenericMobileDriver.<init>(DefaultGenericMobileDriver.java:37)
at io.appium.java_client.AppiumDriver.<init>(AppiumDriver.java:88)
at io.appium.java_client.AppiumDriver.<init>(AppiumDriver.java:98)
at io.appium.java_client.android.AndroidDriver.<init>(AndroidDriver.java:94)
at core.Driver.getDriver(Driver.java:22)
at scripts.api_demos_apk_app.Base.setDriver(Base.java:24)
at java.base/java.util.ArrayList.forEach(ArrayList.java:1541)
at io.appium.java_client.remote.AppiumCommandExecutor$1.createSession(AppiumCommandExecutor.java:186)
... 56 more
Caused by: java.net.ConnectException: Failed to connect to /127.0.0.1:4723
at okhttp3.internal.connection.RealConnection.connectSocket(RealConnection.java:247)
at okhttp3.internal.connection.RealConnection.connect(RealConnection.java:165)
at okhttp3.internal.connection.StreamAllocation.findConnection(StreamAllocation.java:257)
at okhttp3.internal.connection.StreamAllocation.findHealthyConnection(StreamAllocation.java:135)
at okhttp3.internal.connection.StreamAllocation.newStream(StreamAllocation.java:114)
at okhttp3.internal.connection.ConnectInterceptor.intercept(ConnectInterceptor.java:42)
at okhttp3.internal.http.RealInterceptorChain.proceed(RealInterceptorChain.java:147)
at okhttp3.internal.http.RealInterceptorChain.proceed(RealInterceptorChain.java:121)
at okhttp3.internal.cache.CacheInterceptor.intercept(CacheInterceptor.java:93)
at okhttp3.internal.http.RealInterceptorChain.proceed(RealInterceptorChain.java:147)
at okhttp3.internal.http.RealInterceptorChain.proceed(RealInterceptorChain.java:121)
at okhttp3.internal.http.BridgeInterceptor.intercept(BridgeInterceptor.java:93)
at okhttp3.internal.http.RealInterceptorChain.proceed(RealInterceptorChain.java:147)
at okhttp3.internal.http.RetryAndFollowUpInterceptor.intercept(RetryAndFollowUpInterceptor.java:126)
at okhttp3.internal.http.RealInterceptorChain.proceed(RealInterceptorChain.java:147)
at okhttp3.internal.http.RealInterceptorChain.proceed(RealInterceptorChain.java:121)
at okhttp3.RealCall.getResponseWithInterceptorChain(RealCall.java:200)
at okhttp3.RealCall.execute(RealCall.java:77)
at org.openqa.selenium.remote.internal.OkHttpClient.execute(OkHttpClient.java:103)
at org.openqa.selenium.remote.ProtocolHandshake.createSession(ProtocolHandshake.java:105)
... 61 more
Caused by: java.net.ConnectException: Operation timed out (Connection timed out)
at java.base/java.net.PlainSocketImpl.socketConnect(Native Method)
at java.base/java.net.AbstractPlainSocketImpl.doConnect(AbstractPlainSocketImpl.java:412)
at java.base/java.net.AbstractPlainSocketImpl.connectToAddress(AbstractPlainSocketImpl.java:255)
at java.base/java.net.AbstractPlainSocketImpl.connect(AbstractPlainSocketImpl.java:237)
at java.base/java.net.SocksSocketImpl.connect(SocksSocketImpl.java:392)
at java.base/java.net.Socket.connect(Socket.java:609)
at okhttp3.internal.platform.Platform.connectSocket(Platform.java:129)
at okhttp3.internal.connection.RealConnection.connectSocket(RealConnection.java:245)
... 80 more
... Removed 45 stack frames]]>
    </failure>
  </testcase> <!-- @BeforeMethod setDriver -->
  <testcase classname="scripts.api_demos_apk_app._01_Android_First_Test" name="@BeforeMethod setPages" time="-1.68013168864E9">
    <skipped/>
  </testcase> <!-- @BeforeMethod setPages -->
  <testcase classname="scripts.api_demos_apk_app.Base" name="@AfterMethod teardown" time="-1.680131688642E9">
    <skipped/>
  </testcase> <!-- @AfterMethod teardown -->
  <testcase classname="scripts.api_demos_apk_app.Base" name="@BeforeMethod setDriver" time="-1.680131688643E9">
    <skipped/>
  </testcase> <!-- @BeforeMethod setDriver -->
  <testcase classname="scripts.api_demos_apk_app._01_Android_First_Test" name="@BeforeMethod setPages" time="-1.680131688643E9">
    <skipped/>
  </testcase> <!-- @BeforeMethod setPages -->
  <testcase classname="scripts.api_demos_apk_app.Base" name="@AfterMethod teardown" time="-1.680131688643E9">
    <skipped/>
  </testcase> <!-- @AfterMethod teardown -->
  <testcase classname="scripts.api_demos_apk_app.Base" name="@BeforeMethod setDriver" time="-1.680131688644E9">
    <skipped/>
  </testcase> <!-- @BeforeMethod setDriver -->
  <testcase classname="scripts.api_demos_apk_app._01_Android_First_Test" name="@BeforeMethod setPages" time="-1.680131688644E9">
    <skipped/>
  </testcase> <!-- @BeforeMethod setPages -->
  <testcase classname="scripts.api_demos_apk_app.Base" name="@AfterMethod teardown" time="-1.680131688644E9">
    <skipped/>
  </testcase> <!-- @AfterMethod teardown -->
  <testcase classname="scripts.api_demos_apk_app._01_Android_First_Test" name="demoApkFile" time="0.0">
    <skipped/>
  </testcase> <!-- demoApkFile -->
  <testcase classname="scripts.api_demos_apk_app._01_Android_First_Test" name="demoCustomView" time="0.0">
    <skipped/>
  </testcase> <!-- demoCustomView -->
  <testcase classname="scripts.api_demos_apk_app._01_Android_First_Test" name="demoValidateInputBox" time="0.0">
    <skipped/>
  </testcase> <!-- demoValidateInputBox -->
</testsuite> <!-- Command line test -->
